c:\users\thermaltake\desktop\moogli2- emreckdr server files\05.09mitsivisual2022moogli2v.4clientsrc\tools\dumpproto\dump_proto\release\vc143.pdb
c:\users\thermaltake\desktop\moogli2- emreckdr server files\05.09mitsivisual2022moogli2v.4clientsrc\tools\dumpproto\dump_proto\release\tea.obj
c:\users\thermaltake\desktop\moogli2- emreckdr server files\05.09mitsivisual2022moogli2v.4clientsrc\tools\dumpproto\dump_proto\release\lzo.obj
c:\users\thermaltake\desktop\moogli2- emreckdr server files\05.09mitsivisual2022moogli2v.4clientsrc\tools\dumpproto\dump_proto\release\itemcsvreader.obj
c:\users\thermaltake\desktop\moogli2- emreckdr server files\05.09mitsivisual2022moogli2v.4clientsrc\tools\dumpproto\dump_proto\release\dump_proto.obj
c:\users\thermaltake\desktop\moogli2- emreckdr server files\05.09mitsivisual2022moogli2v.4clientsrc\tools\dumpproto\dump_proto\release\csvfile.obj
c:\users\thermaltake\desktop\moogli2- emreckdr server files\05.09mitsivisual2022moogli2v.4clientsrc\tools\dumpproto\release\dumpproto.exe
c:\users\thermaltake\desktop\moogli2- emreckdr server files\05.09mitsivisual2022moogli2v.4clientsrc\tools\dumpproto\dump_proto\release\dumpproto.ipdb
c:\users\thermaltake\desktop\moogli2- emreckdr server files\05.09mitsivisual2022moogli2v.4clientsrc\tools\dumpproto\dump_proto\release\dumpproto.iobj
c:\users\thermaltake\desktop\moogli2- emreckdr server files\05.09mitsivisual2022moogli2v.4clientsrc\tools\dumpproto\release\dumpproto.pdb
c:\users\thermaltake\desktop\moogli2- emreckdr server files\05.09mitsivisual2022moogli2v.4clientsrc\tools\dumpproto\dump_proto\release\dump_proto.res
c:\users\thermaltake\desktop\moogli2- emreckdr server files\05.09mitsivisual2022moogli2v.4clientsrc\tools\dumpproto\dump_proto\release\dumpproto.tlog\cl.command.1.tlog
c:\users\thermaltake\desktop\moogli2- emreckdr server files\05.09mitsivisual2022moogli2v.4clientsrc\tools\dumpproto\dump_proto\release\dumpproto.tlog\cl.read.1.tlog
c:\users\thermaltake\desktop\moogli2- emreckdr server files\05.09mitsivisual2022moogli2v.4clientsrc\tools\dumpproto\dump_proto\release\dumpproto.tlog\cl.write.1.tlog
c:\users\thermaltake\desktop\moogli2- emreckdr server files\05.09mitsivisual2022moogli2v.4clientsrc\tools\dumpproto\dump_proto\release\dumpproto.tlog\link.command.1.tlog
c:\users\thermaltake\desktop\moogli2- emreckdr server files\05.09mitsivisual2022moogli2v.4clientsrc\tools\dumpproto\dump_proto\release\dumpproto.tlog\link.read.1.tlog
c:\users\thermaltake\desktop\moogli2- emreckdr server files\05.09mitsivisual2022moogli2v.4clientsrc\tools\dumpproto\dump_proto\release\dumpproto.tlog\link.write.1.tlog
c:\users\thermaltake\desktop\moogli2- emreckdr server files\05.09mitsivisual2022moogli2v.4clientsrc\tools\dumpproto\dump_proto\release\dumpproto.tlog\rc.command.1.tlog
c:\users\thermaltake\desktop\moogli2- emreckdr server files\05.09mitsivisual2022moogli2v.4clientsrc\tools\dumpproto\dump_proto\release\dumpproto.tlog\rc.read.1.tlog
c:\users\thermaltake\desktop\moogli2- emreckdr server files\05.09mitsivisual2022moogli2v.4clientsrc\tools\dumpproto\dump_proto\release\dumpproto.tlog\rc.write.1.tlog
