Build started 12.01.2020 00:54:15.
     1>Project "C:\Users\EMRE-PC\Desktop\Moogli-Server Files\source\02.01.20_Moogli2ClientSrc\tools\DumpProto\lzo\lzo.vcxproj" on node 2 (Build target(s)).
     1>ClCompile:
         C:\Program Files (x86)\Microsoft Visual Studio 13.0\VC\bin\CL.exe /c /I. /ZI /nologo /W3 /WX- /Od /Oy- /D "WIN32" /D _DEBUG /D "_LIB" /D _MBCS /Gm /EHsc /RTC1 /MTd /GS /fp:precise /Zc:wchar_t /Zc:forScope /Yc"stdafx.h" /Fp"Debug\lzo.pch" /Fo"Debug\\" /Fd"Debug\vc120.pdb" /Gd /TP /analyze- /errorReport:prompt stdafx.cpp
         stdafx.cpp
         C:\Program Files (x86)\Microsoft Visual Studio 13.0\VC\bin\CL.exe /c /I. /ZI /nologo /W3 /WX- /Od /Oy- /D "WIN32" /D _DEBUG /D "_LIB" /D _MBCS /Gm /EHsc /RTC1 /MTd /GS /fp:precise /Zc:wchar_t /Zc:forScope /Fo"Debug\\" /Fd"Debug\vc120.pdb" /Gd /TC /analyze- /errorReport:prompt alloc.c io.c lzo1.c lzo1_99.c lzo1a.c lzo1a_99.c lzo1b_1.c lzo1b_2.c lzo1b_3.c lzo1b_4.c lzo1b_5.c lzo1b_6.c lzo1b_7.c lzo1b_8.c lzo1b_9.c lzo1b_99.c lzo1b_9x.c lzo1b_cc.c lzo1b_d1.c lzo1b_d2.c lzo1b_rr.c lzo1b_xx.c lzo1c_1.c lzo1c_2.c lzo1c_3.c lzo1c_4.c lzo1c_5.c lzo1c_6.c lzo1c_7.c lzo1c_8.c lzo1c_9.c lzo1c_99.c lzo1c_9x.c lzo1c_cc.c lzo1c_d1.c lzo1c_d2.c lzo1c_rr.c lzo1c_xx.c lzo1f_1.c lzo1f_9x.c lzo1f_d1.c lzo1f_d2.c lzo1x_1.c lzo1x_1k.c lzo1x_1l.c lzo1x_1o.c lzo1x_9x.c lzo1x_d1.c lzo1x_d2.c lzo1x_d3.c lzo1x_o.c lzo1y_1.c lzo1y_9x.c lzo1y_d1.c lzo1y_d2.c lzo1y_d3.c lzo1y_o.c lzo1z_9x.c lzo1z_d1.c lzo1z_d2.c lzo1z_d3.c lzo2a_9x.c lzo2a_d1.c lzo2a_d2.c lzo_crc.c lzo_dll.c lzo_init.c lzo_ptr.c lzo_str.c lzo_util.c
         lzo_util.c
         lzo_str.c
         lzo_ptr.c
         lzo_init.c
         lzo_dll.c
         lzo_crc.c
         lzo2a_d2.c
         lzo2a_d1.c
         lzo2a_9x.c
         lzo1z_d3.c
         lzo1z_d2.c
         lzo1z_d1.c
         lzo1z_9x.c
         lzo1y_o.c
         lzo1y_d3.c
         lzo1y_d2.c
         lzo1y_d1.c
         lzo1y_9x.c
         lzo1y_1.c
         lzo1x_o.c
         Generating Code...
         Compiling...
         lzo1x_d3.c
         lzo1x_d2.c
         lzo1x_d1.c
         lzo1x_9x.c
         lzo1x_1o.c
         lzo1x_1l.c
         lzo1x_1k.c
         lzo1x_1.c
         lzo1f_d2.c
         lzo1f_d1.c
         lzo1f_9x.c
         lzo1f_1.c
         lzo1c_xx.c
         lzo1c_rr.c
         lzo1c_d2.c
         lzo1c_d1.c
         lzo1c_cc.c
         lzo1c_9x.c
         lzo1c_99.c
         lzo1c_9.c
         Generating Code...
         Compiling...
         lzo1c_8.c
         lzo1c_7.c
         lzo1c_6.c
         lzo1c_5.c
         lzo1c_4.c
         lzo1c_3.c
         lzo1c_2.c
         lzo1c_1.c
         lzo1b_xx.c
         lzo1b_rr.c
         lzo1b_d2.c
         lzo1b_d1.c
         lzo1b_cc.c
         lzo1b_9x.c
         lzo1b_99.c
         lzo1b_9.c
         lzo1b_8.c
         lzo1b_7.c
         lzo1b_6.c
         lzo1b_5.c
         Generating Code...
         Compiling...
         lzo1b_4.c
         lzo1b_3.c
         lzo1b_2.c
         lzo1b_1.c
         lzo1a_99.c
         lzo1a.c
         lzo1_99.c
         lzo1.c
         io.c
         alloc.c
         Generating Code...
       Lib:
         C:\Program Files (x86)\Microsoft Visual Studio 13.0\VC\bin\Lib.exe /OUT:"C:\Users\EMRE-PC\Desktop\Moogli-Server Files\source\02.01.20_Moogli2ClientSrc\tools\DumpProto\Debug\lzo.lib" /NOLOGO Debug\alloc.obj
         Debug\io.obj
         Debug\lzo1.obj
         Debug\lzo1_99.obj
         Debug\lzo1a.obj
         Debug\lzo1a_99.obj
         Debug\lzo1b_1.obj
         Debug\lzo1b_2.obj
         Debug\lzo1b_3.obj
         Debug\lzo1b_4.obj
         Debug\lzo1b_5.obj
         Debug\lzo1b_6.obj
         Debug\lzo1b_7.obj
         Debug\lzo1b_8.obj
         Debug\lzo1b_9.obj
         Debug\lzo1b_99.obj
         Debug\lzo1b_9x.obj
         Debug\lzo1b_cc.obj
         Debug\lzo1b_d1.obj
         Debug\lzo1b_d2.obj
         Debug\lzo1b_rr.obj
         Debug\lzo1b_xx.obj
         Debug\lzo1c_1.obj
         Debug\lzo1c_2.obj
         Debug\lzo1c_3.obj
         Debug\lzo1c_4.obj
         Debug\lzo1c_5.obj
         Debug\lzo1c_6.obj
         Debug\lzo1c_7.obj
         Debug\lzo1c_8.obj
         Debug\lzo1c_9.obj
         Debug\lzo1c_99.obj
         Debug\lzo1c_9x.obj
         Debug\lzo1c_cc.obj
         Debug\lzo1c_d1.obj
         Debug\lzo1c_d2.obj
         Debug\lzo1c_rr.obj
         Debug\lzo1c_xx.obj
         Debug\lzo1f_1.obj
         Debug\lzo1f_9x.obj
         Debug\lzo1f_d1.obj
         Debug\lzo1f_d2.obj
         Debug\lzo1x_1.obj
         Debug\lzo1x_1k.obj
         Debug\lzo1x_1l.obj
         Debug\lzo1x_1o.obj
         Debug\lzo1x_9x.obj
         Debug\lzo1x_d1.obj
         Debug\lzo1x_d2.obj
         Debug\lzo1x_d3.obj
         Debug\lzo1x_o.obj
         Debug\lzo1y_1.obj
         Debug\lzo1y_9x.obj
         Debug\lzo1y_d1.obj
         Debug\lzo1y_d2.obj
         Debug\lzo1y_d3.obj
         Debug\lzo1y_o.obj
         Debug\lzo1z_9x.obj
         Debug\lzo1z_d1.obj
         Debug\lzo1z_d2.obj
         Debug\lzo1z_d3.obj
         Debug\lzo2a_9x.obj
         Debug\lzo2a_d1.obj
         Debug\lzo2a_d2.obj
         Debug\lzo_crc.obj
         Debug\lzo_dll.obj
         Debug\lzo_init.obj
         Debug\lzo_ptr.obj
         Debug\lzo_str.obj
         Debug\lzo_util.obj
         Debug\stdafx.obj
         lzo.vcxproj -> C:\Users\EMRE-PC\Desktop\Moogli-Server Files\source\02.01.20_Moogli2ClientSrc\tools\DumpProto\Debug\lzo.lib
     1>Done Building Project "C:\Users\EMRE-PC\Desktop\Moogli-Server Files\source\02.01.20_Moogli2ClientSrc\tools\DumpProto\lzo\lzo.vcxproj" (Build target(s)).

Build succeeded.

Time Elapsed 00:00:30.41
